<?xml version="1.0" encoding="UTF-8"?>
<!-- Generated by org.testng.reporters.JUnitXMLReporter -->
<testsuite ignored="0" hostname="Pugazh" failures="0" tests="3" name="Test" time="51.845" errors="0" timestamp="2023-07-15T18:52:01 BST">
  <testcase classname="guru99Projects.EcommerceProject" name="phoneNames" time="5.385"/>
  <testcase classname="guru99Projects.Compare2Pages" name="compare2pages" time="7.141"/>
  <testcase classname="guru99Projects.CannotAddMoreToCart" name="addCartPage" time="18.274"/>
</testsuite> <!-- Test -->
