<?xml version="1.0" encoding="UTF-8"?>
<testng-results ignored="0" total="3" passed="3" failed="0" skipped="0">
  <reporter-output>
  </reporter-output>
  <suite started-at="2023-07-15T18:51:09 BST" name="Suite" finished-at="2023-07-15T18:52:00 BST" duration-ms="51845">
    <groups>
    </groups>
    <test started-at="2023-07-15T18:51:09 BST" name="Test" finished-at="2023-07-15T18:52:00 BST" duration-ms="51845">
      <class name="guru99Projects.CannotAddMoreToCart">
        <test-method is-config="true" signature="precondition()[pri:0, instance:guru99Projects.CannotAddMoreToCart@7ec7ffd3]" started-at="2023-07-15T18:51:36 BST" name="precondition" finished-at="2023-07-15T18:51:41 BST" duration-ms="5024" status="PASS">
          <reporter-output>
          </reporter-output>
        </test-method> <!-- precondition -->
        <test-method signature="addCartPage()[pri:0, instance:guru99Projects.CannotAddMoreToCart@7ec7ffd3]" started-at="2023-07-15T18:51:41 BST" name="addCartPage" finished-at="2023-07-15T18:51:59 BST" duration-ms="18274" status="PASS">
          <reporter-output>
          </reporter-output>
        </test-method> <!-- addCartPage -->
        <test-method is-config="true" signature="close()[pri:0, instance:guru99Projects.CannotAddMoreToCart@7ec7ffd3]" started-at="2023-07-15T18:51:59 BST" name="close" finished-at="2023-07-15T18:52:00 BST" duration-ms="1283" status="PASS">
          <reporter-output>
          </reporter-output>
        </test-method> <!-- close -->
      </class> <!-- guru99Projects.CannotAddMoreToCart -->
      <class name="guru99Projects.Compare2Pages">
        <test-method is-config="true" signature="precondition()[pri:0, instance:guru99Projects.Compare2Pages@5876a9af]" started-at="2023-07-15T18:51:22 BST" name="precondition" finished-at="2023-07-15T18:51:28 BST" duration-ms="5352" status="PASS">
          <reporter-output>
          </reporter-output>
        </test-method> <!-- precondition -->
        <test-method signature="compare2pages()[pri:0, instance:guru99Projects.Compare2Pages@5876a9af]" started-at="2023-07-15T18:51:28 BST" name="compare2pages" finished-at="2023-07-15T18:51:35 BST" duration-ms="7141" status="PASS">
          <reporter-output>
          </reporter-output>
        </test-method> <!-- compare2pages -->
        <test-method is-config="true" signature="close()[pri:0, instance:guru99Projects.Compare2Pages@5876a9af]" started-at="2023-07-15T18:51:35 BST" name="close" finished-at="2023-07-15T18:51:36 BST" duration-ms="1156" status="PASS">
          <reporter-output>
          </reporter-output>
        </test-method> <!-- close -->
      </class> <!-- guru99Projects.Compare2Pages -->
      <class name="guru99Projects.EcommerceProject">
        <test-method is-config="true" signature="precondition()[pri:0, instance:guru99Projects.EcommerceProject@61862a7f]" started-at="2023-07-15T18:51:09 BST" name="precondition" finished-at="2023-07-15T18:51:15 BST" duration-ms="6798" status="PASS">
          <reporter-output>
          </reporter-output>
        </test-method> <!-- precondition -->
        <test-method signature="phoneNames()[pri:0, instance:guru99Projects.EcommerceProject@61862a7f]" started-at="2023-07-15T18:51:15 BST" name="phoneNames" finished-at="2023-07-15T18:51:21 BST" duration-ms="5385" status="PASS">
          <reporter-output>
          </reporter-output>
        </test-method> <!-- phoneNames -->
        <test-method is-config="true" signature="close()[pri:0, instance:guru99Projects.EcommerceProject@61862a7f]" started-at="2023-07-15T18:51:21 BST" name="close" finished-at="2023-07-15T18:51:22 BST" duration-ms="1373" status="PASS">
          <reporter-output>
          </reporter-output>
        </test-method> <!-- close -->
      </class> <!-- guru99Projects.EcommerceProject -->
    </test> <!-- Test -->
  </suite> <!-- Suite -->
</testng-results>
