<?xml version="1.0" encoding="UTF-8"?>
<testng-results ignored="0" total="1" passed="1" failed="0" skipped="0">
  <reporter-output>
  </reporter-output>
  <suite started-at="2023-07-25T15:45:52 BST" name="Default suite" finished-at="2023-07-25T15:46:04 BST" duration-ms="12541">
    <groups>
    </groups>
    <test started-at="2023-07-25T15:45:52 BST" name="Default test" finished-at="2023-07-25T15:46:04 BST" duration-ms="12541">
      <class name="guru99Projects.VerifyPopUpWindows">
        <test-method is-config="true" signature="precondition()[pri:0, instance:guru99Projects.VerifyPopUpWindows@4802796d]" started-at="2023-07-25T15:45:52 BST" name="precondition" finished-at="2023-07-25T15:46:00 BST" duration-ms="8538" status="PASS">
          <reporter-output>
          </reporter-output>
        </test-method> <!-- precondition -->
        <test-method signature="verifyPopup()[pri:0, instance:guru99Projects.VerifyPopUpWindows@4802796d]" started-at="2023-07-25T15:46:00 BST" name="verifyPopup" finished-at="2023-07-25T15:46:04 BST" duration-ms="3652" status="PASS">
          <reporter-output>
          </reporter-output>
        </test-method> <!-- verifyPopup -->
        <test-method is-config="true" signature="close()[pri:0, instance:guru99Projects.VerifyPopUpWindows@4802796d]" started-at="2023-07-25T15:46:04 BST" name="close" finished-at="2023-07-25T15:46:04 BST" duration-ms="276" status="PASS">
          <reporter-output>
          </reporter-output>
        </test-method> <!-- close -->
      </class> <!-- guru99Projects.VerifyPopUpWindows -->
    </test> <!-- Default test -->
  </suite> <!-- Default suite -->
</testng-results>
